CRITICAL - 2022-09-05 01:38:06 --> syntax error, unexpected 'if' (T_IF)
in APPPATH/Filters/AuthFrontend.php on line 39.
 1 SYSTEMPATH/Autoloader/Autoloader.php(259): CodeIgniter\Autoloader\Autoloader->includeFile()
 2 SYSTEMPATH/Autoloader/Autoloader.php(237): CodeIgniter\Autoloader\Autoloader->loadInNamespace()
 3 [internal function]: CodeIgniter\Autoloader\Autoloader->loadClass()
 4 SYSTEMPATH/Filters/Filters.php(166): spl_autoload_call()
 5 SYSTEMPATH/CodeIgniter.php(431): CodeIgniter\Filters\Filters->run()
 6 SYSTEMPATH/CodeIgniter.php(340): CodeIgniter\CodeIgniter->handleRequest()
 7 FCPATH/index.php(67): CodeIgniter\CodeIgniter->run()
CRITICAL - 2022-09-05 08:29:05 --> in_array() expects parameter 2 to be array, null given
in APPPATH/Views/backend/dashboard/common/sidebar.php on line 36.
 1 [internal function]: CodeIgniter\Debug\Exceptions->errorHandler()
 2 APPPATH/Views/backend/dashboard/common/sidebar.php(36): in_array()
 3 SYSTEMPATH/View/View.php(213): include('APPPATH/Views/backend/dashboard/common/sidebar.php')
 4 SYSTEMPATH/View/View.php(216): CodeIgniter\View\View->CodeIgniter\View\{closure}()
 5 SYSTEMPATH/Common.php(1142): CodeIgniter\View\View->render()
 6 APPPATH/Views/backend/dashboard/layout/home.php(41): view()
 7 SYSTEMPATH/View/View.php(213): include('APPPATH/Views/backend/dashboard/layout/home.php')
 8 SYSTEMPATH/View/View.php(216): CodeIgniter\View\View->CodeIgniter\View\{closure}()
 9 SYSTEMPATH/Common.php(1142): CodeIgniter\View\View->render()
10 APPPATH/Controllers/Backend/Dashboard/Dashboard.php(88): view()
11 SYSTEMPATH/CodeIgniter.php(904): App\Controllers\Backend\Dashboard\Dashboard->index()
12 SYSTEMPATH/CodeIgniter.php(457): CodeIgniter\CodeIgniter->runController()
13 SYSTEMPATH/CodeIgniter.php(340): CodeIgniter\CodeIgniter->handleRequest()
14 FCPATH/index.php(67): CodeIgniter\CodeIgniter->run()
CRITICAL - 2022-09-05 08:29:17 --> in_array() expects parameter 2 to be array, null given
in APPPATH/Views/backend/dashboard/common/sidebar.php on line 36.
 1 [internal function]: CodeIgniter\Debug\Exceptions->errorHandler()
 2 APPPATH/Views/backend/dashboard/common/sidebar.php(36): in_array()
 3 SYSTEMPATH/View/View.php(213): include('APPPATH/Views/backend/dashboard/common/sidebar.php')
 4 SYSTEMPATH/View/View.php(216): CodeIgniter\View\View->CodeIgniter\View\{closure}()
 5 SYSTEMPATH/Common.php(1142): CodeIgniter\View\View->render()
 6 APPPATH/Views/backend/dashboard/layout/home.php(41): view()
 7 SYSTEMPATH/View/View.php(213): include('APPPATH/Views/backend/dashboard/layout/home.php')
 8 SYSTEMPATH/View/View.php(216): CodeIgniter\View\View->CodeIgniter\View\{closure}()
 9 SYSTEMPATH/Common.php(1142): CodeIgniter\View\View->render()
10 APPPATH/Controllers/Backend/Dashboard/Dashboard.php(88): view()
11 SYSTEMPATH/CodeIgniter.php(904): App\Controllers\Backend\Dashboard\Dashboard->index()
12 SYSTEMPATH/CodeIgniter.php(457): CodeIgniter\CodeIgniter->runController()
13 SYSTEMPATH/CodeIgniter.php(340): CodeIgniter\CodeIgniter->handleRequest()
14 FCPATH/index.php(67): CodeIgniter\CodeIgniter->run()
CRITICAL - 2022-09-05 08:29:23 --> in_array() expects parameter 2 to be array, null given
in APPPATH/Views/backend/dashboard/common/sidebar.php on line 36.
 1 [internal function]: CodeIgniter\Debug\Exceptions->errorHandler()
 2 APPPATH/Views/backend/dashboard/common/sidebar.php(36): in_array()
 3 SYSTEMPATH/View/View.php(213): include('APPPATH/Views/backend/dashboard/common/sidebar.php')
 4 SYSTEMPATH/View/View.php(216): CodeIgniter\View\View->CodeIgniter\View\{closure}()
 5 SYSTEMPATH/Common.php(1142): CodeIgniter\View\View->render()
 6 APPPATH/Views/backend/dashboard/layout/home.php(41): view()
 7 SYSTEMPATH/View/View.php(213): include('APPPATH/Views/backend/dashboard/layout/home.php')
 8 SYSTEMPATH/View/View.php(216): CodeIgniter\View\View->CodeIgniter\View\{closure}()
 9 SYSTEMPATH/Common.php(1142): CodeIgniter\View\View->render()
10 APPPATH/Controllers/Backend/Dashboard/Dashboard.php(88): view()
11 SYSTEMPATH/CodeIgniter.php(904): App\Controllers\Backend\Dashboard\Dashboard->index()
12 SYSTEMPATH/CodeIgniter.php(457): CodeIgniter\CodeIgniter->runController()
13 SYSTEMPATH/CodeIgniter.php(340): CodeIgniter\CodeIgniter->handleRequest()
14 FCPATH/index.php(67): CodeIgniter\CodeIgniter->run()
CRITICAL - 2022-09-05 08:29:23 --> in_array() expects parameter 2 to be array, null given
in APPPATH/Views/backend/dashboard/common/sidebar.php on line 36.
 1 [internal function]: CodeIgniter\Debug\Exceptions->errorHandler()
 2 APPPATH/Views/backend/dashboard/common/sidebar.php(36): in_array()
 3 SYSTEMPATH/View/View.php(213): include('APPPATH/Views/backend/dashboard/common/sidebar.php')
 4 SYSTEMPATH/View/View.php(216): CodeIgniter\View\View->CodeIgniter\View\{closure}()
 5 SYSTEMPATH/Common.php(1142): CodeIgniter\View\View->render()
 6 APPPATH/Views/backend/dashboard/layout/home.php(41): view()
 7 SYSTEMPATH/View/View.php(213): include('APPPATH/Views/backend/dashboard/layout/home.php')
 8 SYSTEMPATH/View/View.php(216): CodeIgniter\View\View->CodeIgniter\View\{closure}()
 9 SYSTEMPATH/Common.php(1142): CodeIgniter\View\View->render()
10 APPPATH/Controllers/Backend/Dashboard/Dashboard.php(88): view()
11 SYSTEMPATH/CodeIgniter.php(904): App\Controllers\Backend\Dashboard\Dashboard->index()
12 SYSTEMPATH/CodeIgniter.php(457): CodeIgniter\CodeIgniter->runController()
13 SYSTEMPATH/CodeIgniter.php(340): CodeIgniter\CodeIgniter->handleRequest()
14 FCPATH/index.php(67): CodeIgniter\CodeIgniter->run()
CRITICAL - 2022-09-05 08:29:23 --> in_array() expects parameter 2 to be array, null given
in APPPATH/Views/backend/dashboard/common/sidebar.php on line 36.
 1 [internal function]: CodeIgniter\Debug\Exceptions->errorHandler()
 2 APPPATH/Views/backend/dashboard/common/sidebar.php(36): in_array()
 3 SYSTEMPATH/View/View.php(213): include('APPPATH/Views/backend/dashboard/common/sidebar.php')
 4 SYSTEMPATH/View/View.php(216): CodeIgniter\View\View->CodeIgniter\View\{closure}()
 5 SYSTEMPATH/Common.php(1142): CodeIgniter\View\View->render()
 6 APPPATH/Views/backend/dashboard/layout/home.php(41): view()
 7 SYSTEMPATH/View/View.php(213): include('APPPATH/Views/backend/dashboard/layout/home.php')
 8 SYSTEMPATH/View/View.php(216): CodeIgniter\View\View->CodeIgniter\View\{closure}()
 9 SYSTEMPATH/Common.php(1142): CodeIgniter\View\View->render()
10 APPPATH/Controllers/Backend/Dashboard/Dashboard.php(88): view()
11 SYSTEMPATH/CodeIgniter.php(904): App\Controllers\Backend\Dashboard\Dashboard->index()
12 SYSTEMPATH/CodeIgniter.php(457): CodeIgniter\CodeIgniter->runController()
13 SYSTEMPATH/CodeIgniter.php(340): CodeIgniter\CodeIgniter->handleRequest()
14 FCPATH/index.php(67): CodeIgniter\CodeIgniter->run()
CRITICAL - 2022-09-05 08:29:23 --> in_array() expects parameter 2 to be array, null given
in APPPATH/Views/backend/dashboard/common/sidebar.php on line 36.
 1 [internal function]: CodeIgniter\Debug\Exceptions->errorHandler()
 2 APPPATH/Views/backend/dashboard/common/sidebar.php(36): in_array()
 3 SYSTEMPATH/View/View.php(213): include('APPPATH/Views/backend/dashboard/common/sidebar.php')
 4 SYSTEMPATH/View/View.php(216): CodeIgniter\View\View->CodeIgniter\View\{closure}()
 5 SYSTEMPATH/Common.php(1142): CodeIgniter\View\View->render()
 6 APPPATH/Views/backend/dashboard/layout/home.php(41): view()
 7 SYSTEMPATH/View/View.php(213): include('APPPATH/Views/backend/dashboard/layout/home.php')
 8 SYSTEMPATH/View/View.php(216): CodeIgniter\View\View->CodeIgniter\View\{closure}()
 9 SYSTEMPATH/Common.php(1142): CodeIgniter\View\View->render()
10 APPPATH/Controllers/Backend/Dashboard/Dashboard.php(88): view()
11 SYSTEMPATH/CodeIgniter.php(904): App\Controllers\Backend\Dashboard\Dashboard->index()
12 SYSTEMPATH/CodeIgniter.php(457): CodeIgniter\CodeIgniter->runController()
13 SYSTEMPATH/CodeIgniter.php(340): CodeIgniter\CodeIgniter->handleRequest()
14 FCPATH/index.php(67): CodeIgniter\CodeIgniter->run()
CRITICAL - 2022-09-05 08:29:27 --> in_array() expects parameter 2 to be array, null given
in APPPATH/Views/backend/dashboard/common/sidebar.php on line 36.
 1 [internal function]: CodeIgniter\Debug\Exceptions->errorHandler()
 2 APPPATH/Views/backend/dashboard/common/sidebar.php(36): in_array()
 3 SYSTEMPATH/View/View.php(213): include('APPPATH/Views/backend/dashboard/common/sidebar.php')
 4 SYSTEMPATH/View/View.php(216): CodeIgniter\View\View->CodeIgniter\View\{closure}()
 5 SYSTEMPATH/Common.php(1142): CodeIgniter\View\View->render()
 6 APPPATH/Views/backend/dashboard/layout/home.php(41): view()
 7 SYSTEMPATH/View/View.php(213): include('APPPATH/Views/backend/dashboard/layout/home.php')
 8 SYSTEMPATH/View/View.php(216): CodeIgniter\View\View->CodeIgniter\View\{closure}()
 9 SYSTEMPATH/Common.php(1142): CodeIgniter\View\View->render()
10 APPPATH/Controllers/Backend/Dashboard/Dashboard.php(88): view()
11 SYSTEMPATH/CodeIgniter.php(904): App\Controllers\Backend\Dashboard\Dashboard->index()
12 SYSTEMPATH/CodeIgniter.php(457): CodeIgniter\CodeIgniter->runController()
13 SYSTEMPATH/CodeIgniter.php(340): CodeIgniter\CodeIgniter->handleRequest()
14 FCPATH/index.php(67): CodeIgniter\CodeIgniter->run()
CRITICAL - 2022-09-05 08:30:05 --> in_array() expects parameter 2 to be array, null given
in APPPATH/Views/backend/dashboard/common/sidebar.php on line 36.
 1 [internal function]: CodeIgniter\Debug\Exceptions->errorHandler()
 2 APPPATH/Views/backend/dashboard/common/sidebar.php(36): in_array()
 3 SYSTEMPATH/View/View.php(213): include('APPPATH/Views/backend/dashboard/common/sidebar.php')
 4 SYSTEMPATH/View/View.php(216): CodeIgniter\View\View->CodeIgniter\View\{closure}()
 5 SYSTEMPATH/Common.php(1142): CodeIgniter\View\View->render()
 6 APPPATH/Views/backend/dashboard/layout/home.php(41): view()
 7 SYSTEMPATH/View/View.php(213): include('APPPATH/Views/backend/dashboard/layout/home.php')
 8 SYSTEMPATH/View/View.php(216): CodeIgniter\View\View->CodeIgniter\View\{closure}()
 9 SYSTEMPATH/Common.php(1142): CodeIgniter\View\View->render()
10 APPPATH/Controllers/Backend/Dashboard/Dashboard.php(88): view()
11 SYSTEMPATH/CodeIgniter.php(904): App\Controllers\Backend\Dashboard\Dashboard->index()
12 SYSTEMPATH/CodeIgniter.php(457): CodeIgniter\CodeIgniter->runController()
13 SYSTEMPATH/CodeIgniter.php(340): CodeIgniter\CodeIgniter->handleRequest()
14 FCPATH/index.php(67): CodeIgniter\CodeIgniter->run()
CRITICAL - 2022-09-05 08:30:44 --> in_array() expects parameter 2 to be array, null given
in APPPATH/Views/backend/dashboard/common/sidebar.php on line 36.
 1 [internal function]: CodeIgniter\Debug\Exceptions->errorHandler()
 2 APPPATH/Views/backend/dashboard/common/sidebar.php(36): in_array()
 3 SYSTEMPATH/View/View.php(213): include('APPPATH/Views/backend/dashboard/common/sidebar.php')
 4 SYSTEMPATH/View/View.php(216): CodeIgniter\View\View->CodeIgniter\View\{closure}()
 5 SYSTEMPATH/Common.php(1142): CodeIgniter\View\View->render()
 6 APPPATH/Views/backend/dashboard/layout/home.php(41): view()
 7 SYSTEMPATH/View/View.php(213): include('APPPATH/Views/backend/dashboard/layout/home.php')
 8 SYSTEMPATH/View/View.php(216): CodeIgniter\View\View->CodeIgniter\View\{closure}()
 9 SYSTEMPATH/Common.php(1142): CodeIgniter\View\View->render()
10 APPPATH/Controllers/Backend/Dashboard/Dashboard.php(88): view()
11 SYSTEMPATH/CodeIgniter.php(904): App\Controllers\Backend\Dashboard\Dashboard->index()
12 SYSTEMPATH/CodeIgniter.php(457): CodeIgniter\CodeIgniter->runController()
13 SYSTEMPATH/CodeIgniter.php(340): CodeIgniter\CodeIgniter->handleRequest()
14 FCPATH/index.php(67): CodeIgniter\CodeIgniter->run()
CRITICAL - 2022-09-05 08:30:54 --> in_array() expects parameter 2 to be array, null given
in APPPATH/Views/backend/dashboard/common/sidebar.php on line 36.
 1 [internal function]: CodeIgniter\Debug\Exceptions->errorHandler()
 2 APPPATH/Views/backend/dashboard/common/sidebar.php(36): in_array()
 3 SYSTEMPATH/View/View.php(213): include('APPPATH/Views/backend/dashboard/common/sidebar.php')
 4 SYSTEMPATH/View/View.php(216): CodeIgniter\View\View->CodeIgniter\View\{closure}()
 5 SYSTEMPATH/Common.php(1142): CodeIgniter\View\View->render()
 6 APPPATH/Views/backend/dashboard/layout/home.php(41): view()
 7 SYSTEMPATH/View/View.php(213): include('APPPATH/Views/backend/dashboard/layout/home.php')
 8 SYSTEMPATH/View/View.php(216): CodeIgniter\View\View->CodeIgniter\View\{closure}()
 9 SYSTEMPATH/Common.php(1142): CodeIgniter\View\View->render()
10 APPPATH/Controllers/Backend/Dashboard/Dashboard.php(88): view()
11 SYSTEMPATH/CodeIgniter.php(904): App\Controllers\Backend\Dashboard\Dashboard->index()
12 SYSTEMPATH/CodeIgniter.php(457): CodeIgniter\CodeIgniter->runController()
13 SYSTEMPATH/CodeIgniter.php(340): CodeIgniter\CodeIgniter->handleRequest()
14 FCPATH/index.php(67): CodeIgniter\CodeIgniter->run()
CRITICAL - 2022-09-05 08:30:59 --> in_array() expects parameter 2 to be array, null given
in APPPATH/Views/backend/dashboard/common/sidebar.php on line 36.
 1 [internal function]: CodeIgniter\Debug\Exceptions->errorHandler()
 2 APPPATH/Views/backend/dashboard/common/sidebar.php(36): in_array()
 3 SYSTEMPATH/View/View.php(213): include('APPPATH/Views/backend/dashboard/common/sidebar.php')
 4 SYSTEMPATH/View/View.php(216): CodeIgniter\View\View->CodeIgniter\View\{closure}()
 5 SYSTEMPATH/Common.php(1142): CodeIgniter\View\View->render()
 6 APPPATH/Views/backend/dashboard/layout/home.php(41): view()
 7 SYSTEMPATH/View/View.php(213): include('APPPATH/Views/backend/dashboard/layout/home.php')
 8 SYSTEMPATH/View/View.php(216): CodeIgniter\View\View->CodeIgniter\View\{closure}()
 9 SYSTEMPATH/Common.php(1142): CodeIgniter\View\View->render()
10 APPPATH/Controllers/Backend/Dashboard/Dashboard.php(88): view()
11 SYSTEMPATH/CodeIgniter.php(904): App\Controllers\Backend\Dashboard\Dashboard->index()
12 SYSTEMPATH/CodeIgniter.php(457): CodeIgniter\CodeIgniter->runController()
13 SYSTEMPATH/CodeIgniter.php(340): CodeIgniter\CodeIgniter->handleRequest()
14 FCPATH/index.php(67): CodeIgniter\CodeIgniter->run()
CRITICAL - 2022-09-05 09:32:19 --> in_array() expects parameter 2 to be array, null given
in APPPATH/Views/backend/dashboard/common/sidebar.php on line 36.
 1 [internal function]: CodeIgniter\Debug\Exceptions->errorHandler()
 2 APPPATH/Views/backend/dashboard/common/sidebar.php(36): in_array()
 3 SYSTEMPATH/View/View.php(213): include('APPPATH/Views/backend/dashboard/common/sidebar.php')
 4 SYSTEMPATH/View/View.php(216): CodeIgniter\View\View->CodeIgniter\View\{closure}()
 5 SYSTEMPATH/Common.php(1142): CodeIgniter\View\View->render()
 6 APPPATH/Views/backend/dashboard/layout/home.php(41): view()
 7 SYSTEMPATH/View/View.php(213): include('APPPATH/Views/backend/dashboard/layout/home.php')
 8 SYSTEMPATH/View/View.php(216): CodeIgniter\View\View->CodeIgniter\View\{closure}()
 9 SYSTEMPATH/Common.php(1142): CodeIgniter\View\View->render()
10 APPPATH/Controllers/Backend/Dashboard/Dashboard.php(88): view()
11 SYSTEMPATH/CodeIgniter.php(904): App\Controllers\Backend\Dashboard\Dashboard->index()
12 SYSTEMPATH/CodeIgniter.php(457): CodeIgniter\CodeIgniter->runController()
13 SYSTEMPATH/CodeIgniter.php(340): CodeIgniter\CodeIgniter->handleRequest()
14 FCPATH/index.php(67): CodeIgniter\CodeIgniter->run()
