CRITICAL - 2022-09-11 23:08:06 --> The framework needs the following extension(s) installed and loaded: IMAGICK.
in SYSTEMPATH/Exceptions/FrameworkException.php on line 54.
 1 SYSTEMPATH/Images/Handlers/ImageMagickHandler.php(47): CodeIgniter\Exceptions\FrameworkException::forMissingExtension()
 2 SYSTEMPATH/Config/Services.php(337): CodeIgniter\Images\Handlers\ImageMagickHandler->__construct()
 3 SYSTEMPATH/Config/BaseService.php(194): CodeIgniter\Config\Services::image()
 4 SYSTEMPATH/Config/Services.php(330): CodeIgniter\Config\BaseService::getSharedInstance()
 5 APPPATH/Controllers/Ajax/Slide.php(80): CodeIgniter\Config\Services::image()
 6 SYSTEMPATH/CodeIgniter.php(904): App\Controllers\Ajax\Slide->open_modal()
 7 SYSTEMPATH/CodeIgniter.php(457): CodeIgniter\CodeIgniter->runController()
 8 SYSTEMPATH/CodeIgniter.php(340): CodeIgniter\CodeIgniter->handleRequest()
 9 FCPATH/index.php(67): CodeIgniter\CodeIgniter->run()
CRITICAL - 2022-09-11 23:08:31 --> The framework needs the following extension(s) installed and loaded: IMAGICK.
in SYSTEMPATH/Exceptions/FrameworkException.php on line 54.
 1 SYSTEMPATH/Images/Handlers/ImageMagickHandler.php(47): CodeIgniter\Exceptions\FrameworkException::forMissingExtension()
 2 SYSTEMPATH/Config/Services.php(337): CodeIgniter\Images\Handlers\ImageMagickHandler->__construct()
 3 SYSTEMPATH/Config/BaseService.php(194): CodeIgniter\Config\Services::image()
 4 SYSTEMPATH/Config/Services.php(330): CodeIgniter\Config\BaseService::getSharedInstance()
 5 APPPATH/Controllers/Ajax/Slide.php(80): CodeIgniter\Config\Services::image()
 6 SYSTEMPATH/CodeIgniter.php(904): App\Controllers\Ajax\Slide->open_modal()
 7 SYSTEMPATH/CodeIgniter.php(457): CodeIgniter\CodeIgniter->runController()
 8 SYSTEMPATH/CodeIgniter.php(340): CodeIgniter\CodeIgniter->handleRequest()
 9 FCPATH/index.php(67): CodeIgniter\CodeIgniter->run()
CRITICAL - 2022-09-11 23:09:03 --> The framework needs the following extension(s) installed and loaded: IMAGICK.
in SYSTEMPATH/Exceptions/FrameworkException.php on line 54.
 1 SYSTEMPATH/Images/Handlers/ImageMagickHandler.php(47): CodeIgniter\Exceptions\FrameworkException::forMissingExtension()
 2 SYSTEMPATH/Config/Services.php(337): CodeIgniter\Images\Handlers\ImageMagickHandler->__construct()
 3 SYSTEMPATH/Config/BaseService.php(194): CodeIgniter\Config\Services::image()
 4 SYSTEMPATH/Config/Services.php(330): CodeIgniter\Config\BaseService::getSharedInstance()
 5 APPPATH/Controllers/Ajax/Slide.php(80): CodeIgniter\Config\Services::image()
 6 SYSTEMPATH/CodeIgniter.php(904): App\Controllers\Ajax\Slide->open_modal()
 7 SYSTEMPATH/CodeIgniter.php(457): CodeIgniter\CodeIgniter->runController()
 8 SYSTEMPATH/CodeIgniter.php(340): CodeIgniter\CodeIgniter->handleRequest()
 9 FCPATH/index.php(67): CodeIgniter\CodeIgniter->run()
