CRITICAL - 2022-10-14 11:19:45 --> Unable to connect to the database.
Main connection [MySQLi]: Access denied for user '****'@'localhost' (using password: YES)
in SYSTEMPATH\Database\BaseConnection.php on line 418.
 1 SYSTEMPATH\Database\BaseConnection.php(588): CodeIgniter\Database\BaseConnection->initialize()
 2 SYSTEMPATH\Database\BaseBuilder.php(1585): CodeIgniter\Database\BaseConnection->query()
 3 APPPATH\Models\AutoloadModel.php(76): CodeIgniter\Database\BaseBuilder->get()
 4 APPPATH\Helpers\mydatafrontend_helper.php(166): App\Models\AutoloadModel->_get_where()
 5 APPPATH\Controllers\FrontendController.php(27): get_general()
 6 SYSTEMPATH\CodeIgniter.php(867): App\Controllers\FrontendController->initController()
 7 SYSTEMPATH\CodeIgniter.php(448): CodeIgniter\CodeIgniter->createController()
 8 SYSTEMPATH\CodeIgniter.php(340): CodeIgniter\CodeIgniter->handleRequest()
 9 FCPATH\index.php(67): CodeIgniter\CodeIgniter->run()
CRITICAL - 2022-10-14 11:20:10 --> Trying to access array offset on value of type null
in APPPATH\Helpers\myauthentication_helper.php on line 17.
 1 APPPATH\Helpers\myauthentication_helper.php(17): CodeIgniter\Debug\Exceptions->errorHandler()
 2 APPPATH\Views\backend\dashboard\common\sidebar.php(3): authentication()
 3 SYSTEMPATH\View\View.php(213): include('APPPATH\\Views\\backend\\dashboard\\common\\sidebar.php')
 4 SYSTEMPATH\View\View.php(216): CodeIgniter\View\View->CodeIgniter\View\{closure}()
 5 SYSTEMPATH\Common.php(1142): CodeIgniter\View\View->render()
 6 APPPATH\Views\backend\dashboard\layout\home.php(41): view()
 7 SYSTEMPATH\View\View.php(213): include('APPPATH\\Views\\backend\\dashboard\\layout\\home.php')
 8 SYSTEMPATH\View\View.php(216): CodeIgniter\View\View->CodeIgniter\View\{closure}()
 9 SYSTEMPATH\Common.php(1142): CodeIgniter\View\View->render()
10 APPPATH\Controllers\Backend\User\Profile.php(66): view()
11 SYSTEMPATH\CodeIgniter.php(904): App\Controllers\Backend\User\profile->profile()
12 SYSTEMPATH\CodeIgniter.php(457): CodeIgniter\CodeIgniter->runController()
13 SYSTEMPATH\CodeIgniter.php(340): CodeIgniter\CodeIgniter->handleRequest()
14 FCPATH\index.php(67): CodeIgniter\CodeIgniter->run()
CRITICAL - 2022-10-14 11:20:14 --> Trying to access array offset on value of type null
in APPPATH\Helpers\myauthentication_helper.php on line 17.
 1 APPPATH\Helpers\myauthentication_helper.php(17): CodeIgniter\Debug\Exceptions->errorHandler()
 2 APPPATH\Views\backend\dashboard\common\sidebar.php(3): authentication()
 3 SYSTEMPATH\View\View.php(213): include('APPPATH\\Views\\backend\\dashboard\\common\\sidebar.php')
 4 SYSTEMPATH\View\View.php(216): CodeIgniter\View\View->CodeIgniter\View\{closure}()
 5 SYSTEMPATH\Common.php(1142): CodeIgniter\View\View->render()
 6 APPPATH\Views\backend\dashboard\layout\home.php(41): view()
 7 SYSTEMPATH\View\View.php(213): include('APPPATH\\Views\\backend\\dashboard\\layout\\home.php')
 8 SYSTEMPATH\View\View.php(216): CodeIgniter\View\View->CodeIgniter\View\{closure}()
 9 SYSTEMPATH\Common.php(1142): CodeIgniter\View\View->render()
10 APPPATH\Controllers\Backend\User\Profile.php(66): view()
11 SYSTEMPATH\CodeIgniter.php(904): App\Controllers\Backend\User\profile->profile()
12 SYSTEMPATH\CodeIgniter.php(457): CodeIgniter\CodeIgniter->runController()
13 SYSTEMPATH\CodeIgniter.php(340): CodeIgniter\CodeIgniter->handleRequest()
14 FCPATH\index.php(67): CodeIgniter\CodeIgniter->run()
CRITICAL - 2022-10-14 11:20:14 --> Trying to access array offset on value of type null
in APPPATH\Helpers\myauthentication_helper.php on line 17.
 1 APPPATH\Helpers\myauthentication_helper.php(17): CodeIgniter\Debug\Exceptions->errorHandler()
 2 APPPATH\Views\backend\dashboard\common\sidebar.php(3): authentication()
 3 SYSTEMPATH\View\View.php(213): include('APPPATH\\Views\\backend\\dashboard\\common\\sidebar.php')
 4 SYSTEMPATH\View\View.php(216): CodeIgniter\View\View->CodeIgniter\View\{closure}()
 5 SYSTEMPATH\Common.php(1142): CodeIgniter\View\View->render()
 6 APPPATH\Views\backend\dashboard\layout\home.php(41): view()
 7 SYSTEMPATH\View\View.php(213): include('APPPATH\\Views\\backend\\dashboard\\layout\\home.php')
 8 SYSTEMPATH\View\View.php(216): CodeIgniter\View\View->CodeIgniter\View\{closure}()
 9 SYSTEMPATH\Common.php(1142): CodeIgniter\View\View->render()
10 APPPATH\Controllers\Backend\User\Profile.php(66): view()
11 SYSTEMPATH\CodeIgniter.php(904): App\Controllers\Backend\User\profile->profile()
12 SYSTEMPATH\CodeIgniter.php(457): CodeIgniter\CodeIgniter->runController()
13 SYSTEMPATH\CodeIgniter.php(340): CodeIgniter\CodeIgniter->handleRequest()
14 FCPATH\index.php(67): CodeIgniter\CodeIgniter->run()
CRITICAL - 2022-10-14 11:20:15 --> Trying to access array offset on value of type null
in APPPATH\Helpers\myauthentication_helper.php on line 17.
 1 APPPATH\Helpers\myauthentication_helper.php(17): CodeIgniter\Debug\Exceptions->errorHandler()
 2 APPPATH\Views\backend\dashboard\common\sidebar.php(3): authentication()
 3 SYSTEMPATH\View\View.php(213): include('APPPATH\\Views\\backend\\dashboard\\common\\sidebar.php')
 4 SYSTEMPATH\View\View.php(216): CodeIgniter\View\View->CodeIgniter\View\{closure}()
 5 SYSTEMPATH\Common.php(1142): CodeIgniter\View\View->render()
 6 APPPATH\Views\backend\dashboard\layout\home.php(41): view()
 7 SYSTEMPATH\View\View.php(213): include('APPPATH\\Views\\backend\\dashboard\\layout\\home.php')
 8 SYSTEMPATH\View\View.php(216): CodeIgniter\View\View->CodeIgniter\View\{closure}()
 9 SYSTEMPATH\Common.php(1142): CodeIgniter\View\View->render()
10 APPPATH\Controllers\Backend\User\Profile.php(66): view()
11 SYSTEMPATH\CodeIgniter.php(904): App\Controllers\Backend\User\profile->profile()
12 SYSTEMPATH\CodeIgniter.php(457): CodeIgniter\CodeIgniter->runController()
13 SYSTEMPATH\CodeIgniter.php(340): CodeIgniter\CodeIgniter->handleRequest()
14 FCPATH\index.php(67): CodeIgniter\CodeIgniter->run()
CRITICAL - 2022-10-14 11:20:15 --> Trying to access array offset on value of type null
in APPPATH\Helpers\myauthentication_helper.php on line 17.
 1 APPPATH\Helpers\myauthentication_helper.php(17): CodeIgniter\Debug\Exceptions->errorHandler()
 2 APPPATH\Views\backend\dashboard\common\sidebar.php(3): authentication()
 3 SYSTEMPATH\View\View.php(213): include('APPPATH\\Views\\backend\\dashboard\\common\\sidebar.php')
 4 SYSTEMPATH\View\View.php(216): CodeIgniter\View\View->CodeIgniter\View\{closure}()
 5 SYSTEMPATH\Common.php(1142): CodeIgniter\View\View->render()
 6 APPPATH\Views\backend\dashboard\layout\home.php(41): view()
 7 SYSTEMPATH\View\View.php(213): include('APPPATH\\Views\\backend\\dashboard\\layout\\home.php')
 8 SYSTEMPATH\View\View.php(216): CodeIgniter\View\View->CodeIgniter\View\{closure}()
 9 SYSTEMPATH\Common.php(1142): CodeIgniter\View\View->render()
10 APPPATH\Controllers\Backend\User\Profile.php(66): view()
11 SYSTEMPATH\CodeIgniter.php(904): App\Controllers\Backend\User\profile->profile()
12 SYSTEMPATH\CodeIgniter.php(457): CodeIgniter\CodeIgniter->runController()
13 SYSTEMPATH\CodeIgniter.php(340): CodeIgniter\CodeIgniter->handleRequest()
14 FCPATH\index.php(67): CodeIgniter\CodeIgniter->run()
CRITICAL - 2022-10-14 11:20:15 --> Trying to access array offset on value of type null
in APPPATH\Helpers\myauthentication_helper.php on line 17.
 1 APPPATH\Helpers\myauthentication_helper.php(17): CodeIgniter\Debug\Exceptions->errorHandler()
 2 APPPATH\Views\backend\dashboard\common\sidebar.php(3): authentication()
 3 SYSTEMPATH\View\View.php(213): include('APPPATH\\Views\\backend\\dashboard\\common\\sidebar.php')
 4 SYSTEMPATH\View\View.php(216): CodeIgniter\View\View->CodeIgniter\View\{closure}()
 5 SYSTEMPATH\Common.php(1142): CodeIgniter\View\View->render()
 6 APPPATH\Views\backend\dashboard\layout\home.php(41): view()
 7 SYSTEMPATH\View\View.php(213): include('APPPATH\\Views\\backend\\dashboard\\layout\\home.php')
 8 SYSTEMPATH\View\View.php(216): CodeIgniter\View\View->CodeIgniter\View\{closure}()
 9 SYSTEMPATH\Common.php(1142): CodeIgniter\View\View->render()
10 APPPATH\Controllers\Backend\User\Profile.php(66): view()
11 SYSTEMPATH\CodeIgniter.php(904): App\Controllers\Backend\User\profile->profile()
12 SYSTEMPATH\CodeIgniter.php(457): CodeIgniter\CodeIgniter->runController()
13 SYSTEMPATH\CodeIgniter.php(340): CodeIgniter\CodeIgniter->handleRequest()
14 FCPATH\index.php(67): CodeIgniter\CodeIgniter->run()
CRITICAL - 2022-10-14 11:20:15 --> Trying to access array offset on value of type null
in APPPATH\Helpers\myauthentication_helper.php on line 17.
 1 APPPATH\Helpers\myauthentication_helper.php(17): CodeIgniter\Debug\Exceptions->errorHandler()
 2 APPPATH\Views\backend\dashboard\common\sidebar.php(3): authentication()
 3 SYSTEMPATH\View\View.php(213): include('APPPATH\\Views\\backend\\dashboard\\common\\sidebar.php')
 4 SYSTEMPATH\View\View.php(216): CodeIgniter\View\View->CodeIgniter\View\{closure}()
 5 SYSTEMPATH\Common.php(1142): CodeIgniter\View\View->render()
 6 APPPATH\Views\backend\dashboard\layout\home.php(41): view()
 7 SYSTEMPATH\View\View.php(213): include('APPPATH\\Views\\backend\\dashboard\\layout\\home.php')
 8 SYSTEMPATH\View\View.php(216): CodeIgniter\View\View->CodeIgniter\View\{closure}()
 9 SYSTEMPATH\Common.php(1142): CodeIgniter\View\View->render()
10 APPPATH\Controllers\Backend\User\Profile.php(66): view()
11 SYSTEMPATH\CodeIgniter.php(904): App\Controllers\Backend\User\profile->profile()
12 SYSTEMPATH\CodeIgniter.php(457): CodeIgniter\CodeIgniter->runController()
13 SYSTEMPATH\CodeIgniter.php(340): CodeIgniter\CodeIgniter->handleRequest()
14 FCPATH\index.php(67): CodeIgniter\CodeIgniter->run()
CRITICAL - 2022-10-14 11:20:15 --> Trying to access array offset on value of type null
in APPPATH\Helpers\myauthentication_helper.php on line 17.
 1 APPPATH\Helpers\myauthentication_helper.php(17): CodeIgniter\Debug\Exceptions->errorHandler()
 2 APPPATH\Views\backend\dashboard\common\sidebar.php(3): authentication()
 3 SYSTEMPATH\View\View.php(213): include('APPPATH\\Views\\backend\\dashboard\\common\\sidebar.php')
 4 SYSTEMPATH\View\View.php(216): CodeIgniter\View\View->CodeIgniter\View\{closure}()
 5 SYSTEMPATH\Common.php(1142): CodeIgniter\View\View->render()
 6 APPPATH\Views\backend\dashboard\layout\home.php(41): view()
 7 SYSTEMPATH\View\View.php(213): include('APPPATH\\Views\\backend\\dashboard\\layout\\home.php')
 8 SYSTEMPATH\View\View.php(216): CodeIgniter\View\View->CodeIgniter\View\{closure}()
 9 SYSTEMPATH\Common.php(1142): CodeIgniter\View\View->render()
10 APPPATH\Controllers\Backend\User\Profile.php(66): view()
11 SYSTEMPATH\CodeIgniter.php(904): App\Controllers\Backend\User\profile->profile()
12 SYSTEMPATH\CodeIgniter.php(457): CodeIgniter\CodeIgniter->runController()
13 SYSTEMPATH\CodeIgniter.php(340): CodeIgniter\CodeIgniter->handleRequest()
14 FCPATH\index.php(67): CodeIgniter\CodeIgniter->run()
CRITICAL - 2022-10-14 11:20:16 --> Trying to access array offset on value of type null
in APPPATH\Helpers\myauthentication_helper.php on line 17.
 1 APPPATH\Helpers\myauthentication_helper.php(17): CodeIgniter\Debug\Exceptions->errorHandler()
 2 APPPATH\Views\backend\dashboard\common\sidebar.php(3): authentication()
 3 SYSTEMPATH\View\View.php(213): include('APPPATH\\Views\\backend\\dashboard\\common\\sidebar.php')
 4 SYSTEMPATH\View\View.php(216): CodeIgniter\View\View->CodeIgniter\View\{closure}()
 5 SYSTEMPATH\Common.php(1142): CodeIgniter\View\View->render()
 6 APPPATH\Views\backend\dashboard\layout\home.php(41): view()
 7 SYSTEMPATH\View\View.php(213): include('APPPATH\\Views\\backend\\dashboard\\layout\\home.php')
 8 SYSTEMPATH\View\View.php(216): CodeIgniter\View\View->CodeIgniter\View\{closure}()
 9 SYSTEMPATH\Common.php(1142): CodeIgniter\View\View->render()
10 APPPATH\Controllers\Backend\User\Profile.php(66): view()
11 SYSTEMPATH\CodeIgniter.php(904): App\Controllers\Backend\User\profile->profile()
12 SYSTEMPATH\CodeIgniter.php(457): CodeIgniter\CodeIgniter->runController()
13 SYSTEMPATH\CodeIgniter.php(340): CodeIgniter\CodeIgniter->handleRequest()
14 FCPATH\index.php(67): CodeIgniter\CodeIgniter->run()
CRITICAL - 2022-10-14 11:20:16 --> Trying to access array offset on value of type null
in APPPATH\Helpers\myauthentication_helper.php on line 17.
 1 APPPATH\Helpers\myauthentication_helper.php(17): CodeIgniter\Debug\Exceptions->errorHandler()
 2 APPPATH\Views\backend\dashboard\common\sidebar.php(3): authentication()
 3 SYSTEMPATH\View\View.php(213): include('APPPATH\\Views\\backend\\dashboard\\common\\sidebar.php')
 4 SYSTEMPATH\View\View.php(216): CodeIgniter\View\View->CodeIgniter\View\{closure}()
 5 SYSTEMPATH\Common.php(1142): CodeIgniter\View\View->render()
 6 APPPATH\Views\backend\dashboard\layout\home.php(41): view()
 7 SYSTEMPATH\View\View.php(213): include('APPPATH\\Views\\backend\\dashboard\\layout\\home.php')
 8 SYSTEMPATH\View\View.php(216): CodeIgniter\View\View->CodeIgniter\View\{closure}()
 9 SYSTEMPATH\Common.php(1142): CodeIgniter\View\View->render()
10 APPPATH\Controllers\Backend\User\Profile.php(66): view()
11 SYSTEMPATH\CodeIgniter.php(904): App\Controllers\Backend\User\profile->profile()
12 SYSTEMPATH\CodeIgniter.php(457): CodeIgniter\CodeIgniter->runController()
13 SYSTEMPATH\CodeIgniter.php(340): CodeIgniter\CodeIgniter->handleRequest()
14 FCPATH\index.php(67): CodeIgniter\CodeIgniter->run()
CRITICAL - 2022-10-14 11:20:57 --> Undefined index: permission
in APPPATH\Views\backend\dashboard\common\sidebar.php on line 4.
 1 APPPATH\Views\backend\dashboard\common\sidebar.php(4): CodeIgniter\Debug\Exceptions->errorHandler()
 2 SYSTEMPATH\View\View.php(213): include('APPPATH\\Views\\backend\\dashboard\\common\\sidebar.php')
 3 SYSTEMPATH\View\View.php(216): CodeIgniter\View\View->CodeIgniter\View\{closure}()
 4 SYSTEMPATH\Common.php(1142): CodeIgniter\View\View->render()
 5 APPPATH\Views\backend\dashboard\layout\home.php(41): view()
 6 SYSTEMPATH\View\View.php(213): include('APPPATH\\Views\\backend\\dashboard\\layout\\home.php')
 7 SYSTEMPATH\View\View.php(216): CodeIgniter\View\View->CodeIgniter\View\{closure}()
 8 SYSTEMPATH\Common.php(1142): CodeIgniter\View\View->render()
 9 APPPATH\Controllers\Backend\User\Profile.php(66): view()
10 SYSTEMPATH\CodeIgniter.php(904): App\Controllers\Backend\User\profile->profile()
11 SYSTEMPATH\CodeIgniter.php(457): CodeIgniter\CodeIgniter->runController()
12 SYSTEMPATH\CodeIgniter.php(340): CodeIgniter\CodeIgniter->handleRequest()
13 FCPATH\index.php(67): CodeIgniter\CodeIgniter->run()
CRITICAL - 2022-10-14 11:20:58 --> Undefined index: permission
in APPPATH\Views\backend\dashboard\common\sidebar.php on line 4.
 1 APPPATH\Views\backend\dashboard\common\sidebar.php(4): CodeIgniter\Debug\Exceptions->errorHandler()
 2 SYSTEMPATH\View\View.php(213): include('APPPATH\\Views\\backend\\dashboard\\common\\sidebar.php')
 3 SYSTEMPATH\View\View.php(216): CodeIgniter\View\View->CodeIgniter\View\{closure}()
 4 SYSTEMPATH\Common.php(1142): CodeIgniter\View\View->render()
 5 APPPATH\Views\backend\dashboard\layout\home.php(41): view()
 6 SYSTEMPATH\View\View.php(213): include('APPPATH\\Views\\backend\\dashboard\\layout\\home.php')
 7 SYSTEMPATH\View\View.php(216): CodeIgniter\View\View->CodeIgniter\View\{closure}()
 8 SYSTEMPATH\Common.php(1142): CodeIgniter\View\View->render()
 9 APPPATH\Controllers\Backend\User\Profile.php(66): view()
10 SYSTEMPATH\CodeIgniter.php(904): App\Controllers\Backend\User\profile->profile()
11 SYSTEMPATH\CodeIgniter.php(457): CodeIgniter\CodeIgniter->runController()
12 SYSTEMPATH\CodeIgniter.php(340): CodeIgniter\CodeIgniter->handleRequest()
13 FCPATH\index.php(67): CodeIgniter\CodeIgniter->run()
CRITICAL - 2022-10-14 11:20:59 --> Undefined index: permission
in APPPATH\Views\backend\dashboard\common\sidebar.php on line 4.
 1 APPPATH\Views\backend\dashboard\common\sidebar.php(4): CodeIgniter\Debug\Exceptions->errorHandler()
 2 SYSTEMPATH\View\View.php(213): include('APPPATH\\Views\\backend\\dashboard\\common\\sidebar.php')
 3 SYSTEMPATH\View\View.php(216): CodeIgniter\View\View->CodeIgniter\View\{closure}()
 4 SYSTEMPATH\Common.php(1142): CodeIgniter\View\View->render()
 5 APPPATH\Views\backend\dashboard\layout\home.php(41): view()
 6 SYSTEMPATH\View\View.php(213): include('APPPATH\\Views\\backend\\dashboard\\layout\\home.php')
 7 SYSTEMPATH\View\View.php(216): CodeIgniter\View\View->CodeIgniter\View\{closure}()
 8 SYSTEMPATH\Common.php(1142): CodeIgniter\View\View->render()
 9 APPPATH\Controllers\Backend\User\Profile.php(66): view()
10 SYSTEMPATH\CodeIgniter.php(904): App\Controllers\Backend\User\profile->profile()
11 SYSTEMPATH\CodeIgniter.php(457): CodeIgniter\CodeIgniter->runController()
12 SYSTEMPATH\CodeIgniter.php(340): CodeIgniter\CodeIgniter->handleRequest()
13 FCPATH\index.php(67): CodeIgniter\CodeIgniter->run()
CRITICAL - 2022-10-14 11:20:59 --> Undefined index: permission
in APPPATH\Views\backend\dashboard\common\sidebar.php on line 4.
 1 APPPATH\Views\backend\dashboard\common\sidebar.php(4): CodeIgniter\Debug\Exceptions->errorHandler()
 2 SYSTEMPATH\View\View.php(213): include('APPPATH\\Views\\backend\\dashboard\\common\\sidebar.php')
 3 SYSTEMPATH\View\View.php(216): CodeIgniter\View\View->CodeIgniter\View\{closure}()
 4 SYSTEMPATH\Common.php(1142): CodeIgniter\View\View->render()
 5 APPPATH\Views\backend\dashboard\layout\home.php(41): view()
 6 SYSTEMPATH\View\View.php(213): include('APPPATH\\Views\\backend\\dashboard\\layout\\home.php')
 7 SYSTEMPATH\View\View.php(216): CodeIgniter\View\View->CodeIgniter\View\{closure}()
 8 SYSTEMPATH\Common.php(1142): CodeIgniter\View\View->render()
 9 APPPATH\Controllers\Backend\User\Profile.php(66): view()
10 SYSTEMPATH\CodeIgniter.php(904): App\Controllers\Backend\User\profile->profile()
11 SYSTEMPATH\CodeIgniter.php(457): CodeIgniter\CodeIgniter->runController()
12 SYSTEMPATH\CodeIgniter.php(340): CodeIgniter\CodeIgniter->handleRequest()
13 FCPATH\index.php(67): CodeIgniter\CodeIgniter->run()
CRITICAL - 2022-10-14 11:20:59 --> Undefined index: permission
in APPPATH\Views\backend\dashboard\common\sidebar.php on line 4.
 1 APPPATH\Views\backend\dashboard\common\sidebar.php(4): CodeIgniter\Debug\Exceptions->errorHandler()
 2 SYSTEMPATH\View\View.php(213): include('APPPATH\\Views\\backend\\dashboard\\common\\sidebar.php')
 3 SYSTEMPATH\View\View.php(216): CodeIgniter\View\View->CodeIgniter\View\{closure}()
 4 SYSTEMPATH\Common.php(1142): CodeIgniter\View\View->render()
 5 APPPATH\Views\backend\dashboard\layout\home.php(41): view()
 6 SYSTEMPATH\View\View.php(213): include('APPPATH\\Views\\backend\\dashboard\\layout\\home.php')
 7 SYSTEMPATH\View\View.php(216): CodeIgniter\View\View->CodeIgniter\View\{closure}()
 8 SYSTEMPATH\Common.php(1142): CodeIgniter\View\View->render()
 9 APPPATH\Controllers\Backend\User\Profile.php(66): view()
10 SYSTEMPATH\CodeIgniter.php(904): App\Controllers\Backend\User\profile->profile()
11 SYSTEMPATH\CodeIgniter.php(457): CodeIgniter\CodeIgniter->runController()
12 SYSTEMPATH\CodeIgniter.php(340): CodeIgniter\CodeIgniter->handleRequest()
13 FCPATH\index.php(67): CodeIgniter\CodeIgniter->run()
CRITICAL - 2022-10-14 11:20:59 --> Undefined index: permission
in APPPATH\Views\backend\dashboard\common\sidebar.php on line 4.
 1 APPPATH\Views\backend\dashboard\common\sidebar.php(4): CodeIgniter\Debug\Exceptions->errorHandler()
 2 SYSTEMPATH\View\View.php(213): include('APPPATH\\Views\\backend\\dashboard\\common\\sidebar.php')
 3 SYSTEMPATH\View\View.php(216): CodeIgniter\View\View->CodeIgniter\View\{closure}()
 4 SYSTEMPATH\Common.php(1142): CodeIgniter\View\View->render()
 5 APPPATH\Views\backend\dashboard\layout\home.php(41): view()
 6 SYSTEMPATH\View\View.php(213): include('APPPATH\\Views\\backend\\dashboard\\layout\\home.php')
 7 SYSTEMPATH\View\View.php(216): CodeIgniter\View\View->CodeIgniter\View\{closure}()
 8 SYSTEMPATH\Common.php(1142): CodeIgniter\View\View->render()
 9 APPPATH\Controllers\Backend\User\Profile.php(66): view()
10 SYSTEMPATH\CodeIgniter.php(904): App\Controllers\Backend\User\profile->profile()
11 SYSTEMPATH\CodeIgniter.php(457): CodeIgniter\CodeIgniter->runController()
12 SYSTEMPATH\CodeIgniter.php(340): CodeIgniter\CodeIgniter->handleRequest()
13 FCPATH\index.php(67): CodeIgniter\CodeIgniter->run()
CRITICAL - 2022-10-14 11:21:55 --> Trying to access array offset on value of type null
in APPPATH\Views\backend\dashboard\common\sidebar.php on line 4.
 1 APPPATH\Views\backend\dashboard\common\sidebar.php(4): CodeIgniter\Debug\Exceptions->errorHandler()
 2 SYSTEMPATH\View\View.php(213): include('APPPATH\\Views\\backend\\dashboard\\common\\sidebar.php')
 3 SYSTEMPATH\View\View.php(216): CodeIgniter\View\View->CodeIgniter\View\{closure}()
 4 SYSTEMPATH\Common.php(1142): CodeIgniter\View\View->render()
 5 APPPATH\Views\backend\dashboard\layout\home.php(41): view()
 6 SYSTEMPATH\View\View.php(213): include('APPPATH\\Views\\backend\\dashboard\\layout\\home.php')
 7 SYSTEMPATH\View\View.php(216): CodeIgniter\View\View->CodeIgniter\View\{closure}()
 8 SYSTEMPATH\Common.php(1142): CodeIgniter\View\View->render()
 9 APPPATH\Controllers\Backend\User\Profile.php(66): view()
10 SYSTEMPATH\CodeIgniter.php(904): App\Controllers\Backend\User\profile->profile()
11 SYSTEMPATH\CodeIgniter.php(457): CodeIgniter\CodeIgniter->runController()
12 SYSTEMPATH\CodeIgniter.php(340): CodeIgniter\CodeIgniter->handleRequest()
13 FCPATH\index.php(67): CodeIgniter\CodeIgniter->run()
CRITICAL - 2022-10-14 11:22:03 --> Trying to access array offset on value of type null
in APPPATH\Helpers\myauthentication_helper.php on line 18.
 1 APPPATH\Helpers\myauthentication_helper.php(18): CodeIgniter\Debug\Exceptions->errorHandler()
 2 APPPATH\Views\backend\dashboard\common\sidebar.php(3): authentication()
 3 SYSTEMPATH\View\View.php(213): include('APPPATH\\Views\\backend\\dashboard\\common\\sidebar.php')
 4 SYSTEMPATH\View\View.php(216): CodeIgniter\View\View->CodeIgniter\View\{closure}()
 5 SYSTEMPATH\Common.php(1142): CodeIgniter\View\View->render()
 6 APPPATH\Views\backend\dashboard\layout\home.php(41): view()
 7 SYSTEMPATH\View\View.php(213): include('APPPATH\\Views\\backend\\dashboard\\layout\\home.php')
 8 SYSTEMPATH\View\View.php(216): CodeIgniter\View\View->CodeIgniter\View\{closure}()
 9 SYSTEMPATH\Common.php(1142): CodeIgniter\View\View->render()
10 APPPATH\Controllers\Backend\User\Profile.php(66): view()
11 SYSTEMPATH\CodeIgniter.php(904): App\Controllers\Backend\User\profile->profile()
12 SYSTEMPATH\CodeIgniter.php(457): CodeIgniter\CodeIgniter->runController()
13 SYSTEMPATH\CodeIgniter.php(340): CodeIgniter\CodeIgniter->handleRequest()
14 FCPATH\index.php(67): CodeIgniter\CodeIgniter->run()
CRITICAL - 2022-10-14 11:23:01 --> Call to undefined method App\Controllers\Backend\User\profile::authentication()
in APPPATH\Controllers\Backend\User\Profile.php on line 19.
 1 SYSTEMPATH\CodeIgniter.php(904): App\Controllers\Backend\User\profile->profile()
 2 SYSTEMPATH\CodeIgniter.php(457): CodeIgniter\CodeIgniter->runController()
 3 SYSTEMPATH\CodeIgniter.php(340): CodeIgniter\CodeIgniter->handleRequest()
 4 FCPATH\index.php(67): CodeIgniter\CodeIgniter->run()
CRITICAL - 2022-10-14 11:23:15 --> Undefined property: App\Controllers\Backend\User\profile::$myauthentication
in APPPATH\Controllers\Backend\User\Profile.php on line 19.
 1 APPPATH\Controllers\Backend\User\Profile.php(19): CodeIgniter\Debug\Exceptions->errorHandler()
 2 SYSTEMPATH\CodeIgniter.php(904): App\Controllers\Backend\User\profile->profile()
 3 SYSTEMPATH\CodeIgniter.php(457): CodeIgniter\CodeIgniter->runController()
 4 SYSTEMPATH\CodeIgniter.php(340): CodeIgniter\CodeIgniter->handleRequest()
 5 FCPATH\index.php(67): CodeIgniter\CodeIgniter->run()
CRITICAL - 2022-10-14 11:23:39 --> Undefined property: App\Libraries\Authentication::$authentication
in APPPATH\Controllers\Backend\User\Profile.php on line 19.
 1 APPPATH\Controllers\Backend\User\Profile.php(19): CodeIgniter\Debug\Exceptions->errorHandler()
 2 SYSTEMPATH\CodeIgniter.php(904): App\Controllers\Backend\User\profile->profile()
 3 SYSTEMPATH\CodeIgniter.php(457): CodeIgniter\CodeIgniter->runController()
 4 SYSTEMPATH\CodeIgniter.php(340): CodeIgniter\CodeIgniter->handleRequest()
 5 FCPATH\index.php(67): CodeIgniter\CodeIgniter->run()
CRITICAL - 2022-10-14 11:23:39 --> Undefined property: App\Libraries\Authentication::$authentication
in APPPATH\Controllers\Backend\User\Profile.php on line 19.
 1 APPPATH\Controllers\Backend\User\Profile.php(19): CodeIgniter\Debug\Exceptions->errorHandler()
 2 SYSTEMPATH\CodeIgniter.php(904): App\Controllers\Backend\User\profile->profile()
 3 SYSTEMPATH\CodeIgniter.php(457): CodeIgniter\CodeIgniter->runController()
 4 SYSTEMPATH\CodeIgniter.php(340): CodeIgniter\CodeIgniter->handleRequest()
 5 FCPATH\index.php(67): CodeIgniter\CodeIgniter->run()
CRITICAL - 2022-10-14 11:23:40 --> Undefined property: App\Libraries\Authentication::$authentication
in APPPATH\Controllers\Backend\User\Profile.php on line 19.
 1 APPPATH\Controllers\Backend\User\Profile.php(19): CodeIgniter\Debug\Exceptions->errorHandler()
 2 SYSTEMPATH\CodeIgniter.php(904): App\Controllers\Backend\User\profile->profile()
 3 SYSTEMPATH\CodeIgniter.php(457): CodeIgniter\CodeIgniter->runController()
 4 SYSTEMPATH\CodeIgniter.php(340): CodeIgniter\CodeIgniter->handleRequest()
 5 FCPATH\index.php(67): CodeIgniter\CodeIgniter->run()
CRITICAL - 2022-10-14 11:23:40 --> Undefined property: App\Libraries\Authentication::$authentication
in APPPATH\Controllers\Backend\User\Profile.php on line 19.
 1 APPPATH\Controllers\Backend\User\Profile.php(19): CodeIgniter\Debug\Exceptions->errorHandler()
 2 SYSTEMPATH\CodeIgniter.php(904): App\Controllers\Backend\User\profile->profile()
 3 SYSTEMPATH\CodeIgniter.php(457): CodeIgniter\CodeIgniter->runController()
 4 SYSTEMPATH\CodeIgniter.php(340): CodeIgniter\CodeIgniter->handleRequest()
 5 FCPATH\index.php(67): CodeIgniter\CodeIgniter->run()
CRITICAL - 2022-10-14 11:43:59 --> Unparenthesized `a ? b : c ? d : e` is deprecated. Use either `(a ? b : c) ? d : e` or `a ? b : (c ? d : e)`
in APPPATH\Views\backend\landingpage\landingpage\store.php on line 149.
 1 SYSTEMPATH\View\View.php(213): CodeIgniter\Debug\Exceptions->errorHandler()
 2 SYSTEMPATH\View\View.php(213): include()
 3 SYSTEMPATH\View\View.php(216): CodeIgniter\View\View->CodeIgniter\View\{closure}()
 4 SYSTEMPATH\Common.php(1142): CodeIgniter\View\View->render()
 5 APPPATH\Views\backend\landingpage\landingpage\create.php(16): view()
 6 SYSTEMPATH\View\View.php(213): include('APPPATH\\Views\\backend\\landingpage\\landingpage\\create.php')
 7 SYSTEMPATH\View\View.php(216): CodeIgniter\View\View->CodeIgniter\View\{closure}()
 8 SYSTEMPATH\Common.php(1142): CodeIgniter\View\View->render()
 9 APPPATH\Views\backend\dashboard\layout\home.php(44): view()
10 SYSTEMPATH\View\View.php(213): include('APPPATH\\Views\\backend\\dashboard\\layout\\home.php')
11 SYSTEMPATH\View\View.php(216): CodeIgniter\View\View->CodeIgniter\View\{closure}()
12 SYSTEMPATH\Common.php(1142): CodeIgniter\View\View->render()
13 APPPATH\Controllers\Backend\Landingpage\Landingpage.php(107): view()
14 SYSTEMPATH\CodeIgniter.php(904): App\Controllers\Backend\Landingpage\Landingpage->create()
15 SYSTEMPATH\CodeIgniter.php(457): CodeIgniter\CodeIgniter->runController()
16 SYSTEMPATH\CodeIgniter.php(340): CodeIgniter\CodeIgniter->handleRequest()
17 FCPATH\index.php(67): CodeIgniter\CodeIgniter->run()
CRITICAL - 2022-10-14 11:45:22 --> Unparenthesized `a ? b : c ? d : e` is deprecated. Use either `(a ? b : c) ? d : e` or `a ? b : (c ? d : e)`
in APPPATH\Views\backend\page\page\store.php on line 381.
 1 SYSTEMPATH\View\View.php(213): CodeIgniter\Debug\Exceptions->errorHandler()
 2 SYSTEMPATH\View\View.php(213): include()
 3 SYSTEMPATH\View\View.php(216): CodeIgniter\View\View->CodeIgniter\View\{closure}()
 4 SYSTEMPATH\Common.php(1142): CodeIgniter\View\View->render()
 5 APPPATH\Views\backend\page\page\create.php(16): view()
 6 SYSTEMPATH\View\View.php(213): include('APPPATH\\Views\\backend\\page\\page\\create.php')
 7 SYSTEMPATH\View\View.php(216): CodeIgniter\View\View->CodeIgniter\View\{closure}()
 8 SYSTEMPATH\Common.php(1142): CodeIgniter\View\View->render()
 9 APPPATH\Views\backend\dashboard\layout\home.php(44): view()
10 SYSTEMPATH\View\View.php(213): include('APPPATH\\Views\\backend\\dashboard\\layout\\home.php')
11 SYSTEMPATH\View\View.php(216): CodeIgniter\View\View->CodeIgniter\View\{closure}()
12 SYSTEMPATH\Common.php(1142): CodeIgniter\View\View->render()
13 APPPATH\Controllers\Backend\Page\Page.php(161): view()
14 SYSTEMPATH\CodeIgniter.php(904): App\Controllers\Backend\Page\Page->create()
15 SYSTEMPATH\CodeIgniter.php(457): CodeIgniter\CodeIgniter->runController()
16 SYSTEMPATH\CodeIgniter.php(340): CodeIgniter\CodeIgniter->handleRequest()
17 FCPATH\index.php(67): CodeIgniter\CodeIgniter->run()
CRITICAL - 2022-10-14 11:52:14 --> Unparenthesized `a ? b : c ? d : e` is deprecated. Use either `(a ? b : c) ? d : e` or `a ? b : (c ? d : e)`
in APPPATH\Views\backend\page\catalogue\store.php on line 296.
 1 SYSTEMPATH\View\View.php(213): CodeIgniter\Debug\Exceptions->errorHandler()
 2 SYSTEMPATH\View\View.php(213): include()
 3 SYSTEMPATH\View\View.php(216): CodeIgniter\View\View->CodeIgniter\View\{closure}()
 4 SYSTEMPATH\Common.php(1142): CodeIgniter\View\View->render()
 5 APPPATH\Views\backend\page\catalogue\create.php(16): view()
 6 SYSTEMPATH\View\View.php(213): include('APPPATH\\Views\\backend\\page\\catalogue\\create.php')
 7 SYSTEMPATH\View\View.php(216): CodeIgniter\View\View->CodeIgniter\View\{closure}()
 8 SYSTEMPATH\Common.php(1142): CodeIgniter\View\View->render()
 9 APPPATH\Views\backend\dashboard\layout\home.php(44): view()
10 SYSTEMPATH\View\View.php(213): include('APPPATH\\Views\\backend\\dashboard\\layout\\home.php')
11 SYSTEMPATH\View\View.php(216): CodeIgniter\View\View->CodeIgniter\View\{closure}()
12 SYSTEMPATH\Common.php(1142): CodeIgniter\View\View->render()
13 APPPATH\Controllers\Backend\Page\Catalogue.php(128): view()
14 SYSTEMPATH\CodeIgniter.php(904): App\Controllers\Backend\Page\Catalogue->create()
15 SYSTEMPATH\CodeIgniter.php(457): CodeIgniter\CodeIgniter->runController()
16 SYSTEMPATH\CodeIgniter.php(340): CodeIgniter\CodeIgniter->handleRequest()
17 FCPATH\index.php(67): CodeIgniter\CodeIgniter->run()
CRITICAL - 2022-10-14 12:09:11 --> Unparenthesized `a ? b : c ? d : e` is deprecated. Use either `(a ? b : c) ? d : e` or `a ? b : (c ? d : e)`
in APPPATH\Views\backend\media\catalogue\store.php on line 243.
 1 SYSTEMPATH\View\View.php(213): CodeIgniter\Debug\Exceptions->errorHandler()
 2 SYSTEMPATH\View\View.php(213): include()
 3 SYSTEMPATH\View\View.php(216): CodeIgniter\View\View->CodeIgniter\View\{closure}()
 4 SYSTEMPATH\Common.php(1142): CodeIgniter\View\View->render()
 5 APPPATH\Views\backend\media\catalogue\create.php(16): view()
 6 SYSTEMPATH\View\View.php(213): include('APPPATH\\Views\\backend\\media\\catalogue\\create.php')
 7 SYSTEMPATH\View\View.php(216): CodeIgniter\View\View->CodeIgniter\View\{closure}()
 8 SYSTEMPATH\Common.php(1142): CodeIgniter\View\View->render()
 9 APPPATH\Views\backend\dashboard\layout\home.php(44): view()
10 SYSTEMPATH\View\View.php(213): include('APPPATH\\Views\\backend\\dashboard\\layout\\home.php')
11 SYSTEMPATH\View\View.php(216): CodeIgniter\View\View->CodeIgniter\View\{closure}()
12 SYSTEMPATH\Common.php(1142): CodeIgniter\View\View->render()
13 APPPATH\Controllers\Backend\Media\Catalogue.php(121): view()
14 SYSTEMPATH\CodeIgniter.php(904): App\Controllers\Backend\Media\Catalogue->create()
15 SYSTEMPATH\CodeIgniter.php(457): CodeIgniter\CodeIgniter->runController()
16 SYSTEMPATH\CodeIgniter.php(340): CodeIgniter\CodeIgniter->handleRequest()
17 FCPATH\index.php(67): CodeIgniter\CodeIgniter->run()
CRITICAL - 2022-10-14 12:24:13 --> Trying to access array offset on value of type null
in APPPATH\Controllers\Ajax\Slide.php on line 106.
 1 APPPATH\Controllers\Ajax\Slide.php(106): CodeIgniter\Debug\Exceptions->errorHandler()
 2 SYSTEMPATH\CodeIgniter.php(904): App\Controllers\Ajax\Slide->open_modal()
 3 SYSTEMPATH\CodeIgniter.php(457): CodeIgniter\CodeIgniter->runController()
 4 SYSTEMPATH\CodeIgniter.php(340): CodeIgniter\CodeIgniter->handleRequest()
 5 FCPATH\index.php(67): CodeIgniter\CodeIgniter->run()
CRITICAL - 2022-10-14 12:25:18 --> Trying to access array offset on value of type null
in APPPATH\Controllers\Ajax\Slide.php on line 106.
 1 APPPATH\Controllers\Ajax\Slide.php(106): CodeIgniter\Debug\Exceptions->errorHandler()
 2 SYSTEMPATH\CodeIgniter.php(904): App\Controllers\Ajax\Slide->open_modal()
 3 SYSTEMPATH\CodeIgniter.php(457): CodeIgniter\CodeIgniter->runController()
 4 SYSTEMPATH\CodeIgniter.php(340): CodeIgniter\CodeIgniter->handleRequest()
 5 FCPATH\index.php(67): CodeIgniter\CodeIgniter->run()
CRITICAL - 2022-10-14 12:25:25 --> Trying to access array offset on value of type null
in APPPATH\Controllers\Ajax\Slide.php on line 106.
 1 APPPATH\Controllers\Ajax\Slide.php(106): CodeIgniter\Debug\Exceptions->errorHandler()
 2 SYSTEMPATH\CodeIgniter.php(904): App\Controllers\Ajax\Slide->open_modal()
 3 SYSTEMPATH\CodeIgniter.php(457): CodeIgniter\CodeIgniter->runController()
 4 SYSTEMPATH\CodeIgniter.php(340): CodeIgniter\CodeIgniter->handleRequest()
 5 FCPATH\index.php(67): CodeIgniter\CodeIgniter->run()
CRITICAL - 2022-10-14 12:25:31 --> Trying to access array offset on value of type null
in APPPATH\Controllers\Ajax\Slide.php on line 106.
 1 APPPATH\Controllers\Ajax\Slide.php(106): CodeIgniter\Debug\Exceptions->errorHandler()
 2 SYSTEMPATH\CodeIgniter.php(904): App\Controllers\Ajax\Slide->open_modal()
 3 SYSTEMPATH\CodeIgniter.php(457): CodeIgniter\CodeIgniter->runController()
 4 SYSTEMPATH\CodeIgniter.php(340): CodeIgniter\CodeIgniter->handleRequest()
 5 FCPATH\index.php(67): CodeIgniter\CodeIgniter->run()
CRITICAL - 2022-10-14 12:29:46 --> Trying to access array offset on value of type null
in APPPATH\Controllers\Ajax\Slide.php on line 109.
 1 APPPATH\Controllers\Ajax\Slide.php(109): CodeIgniter\Debug\Exceptions->errorHandler()
 2 SYSTEMPATH\CodeIgniter.php(904): App\Controllers\Ajax\Slide->open_modal()
 3 SYSTEMPATH\CodeIgniter.php(457): CodeIgniter\CodeIgniter->runController()
 4 SYSTEMPATH\CodeIgniter.php(340): CodeIgniter\CodeIgniter->handleRequest()
 5 FCPATH\index.php(67): CodeIgniter\CodeIgniter->run()
CRITICAL - 2022-10-14 12:30:16 --> Trying to access array offset on value of type null
in APPPATH\Controllers\Ajax\Slide.php on line 109.
 1 APPPATH\Controllers\Ajax\Slide.php(109): CodeIgniter\Debug\Exceptions->errorHandler()
 2 SYSTEMPATH\CodeIgniter.php(904): App\Controllers\Ajax\Slide->open_modal()
 3 SYSTEMPATH\CodeIgniter.php(457): CodeIgniter\CodeIgniter->runController()
 4 SYSTEMPATH\CodeIgniter.php(340): CodeIgniter\CodeIgniter->handleRequest()
 5 FCPATH\index.php(67): CodeIgniter\CodeIgniter->run()
